<?xml version='1.0' encoding='UTF-8'?>
<testsuite hostname="flathead" name="CohortRoundBaselineSpec" tests="2" errors="0" failures="0" skipped="0" time="12.529" timestamp="2026-09-03T11:47:16">
          <properties>
[...]
</properties>
          <testcase classname="CohortRoundBaselineSpec" name="CohortRound matched baselines should match independent per-product RNE" time="6.062">
                      
                    </testcase><testcase classname="CohortRoundBaselineSpec" name="CohortRound matched baselines should match full-precision accumulation followed by one RNE" time="6.467">
                      
                    </testcase>
          <system-out><![CDATA[]]></system-out>
          <system-err><![CDATA[]]></system-err>
        </testsuite>